<?xml version="1.0" encoding="UTF-8"?>
<!-- Generated by org.testng.reporters.JUnitXMLReporter -->
<testsuite ignored="0" hostname="LAPTOP-MKM29HK5" failures="11" tests="11" name="Test" time="12.078" errors="0" timestamp="22 Nov 2021 03:44:10 GMT">
  <testcase classname="io.cucumber.testng.AbstractTestNGCucumberTests" name="runScenario" time="1.774">
    <failure type="java.lang.NullPointerException" message="Cannot invoke &amp;quot;org.apache.log4j.Logger.info(Object)&amp;quot; because &amp;quot;log&amp;quot; is null">
      <![CDATA[java.lang.NullPointerException: Cannot invoke "org.apache.log4j.Logger.info(Object)" because "log" is null
at com.bigsmall.reusableComponents.WebDriverHelper.driverInitializer(WebDriverHelper.java:22)
at com.bigsmall.stepDefinitions.StepDefinitions.initialize_the_web_driver(StepDefinitions.java:35)
at ✽.Initialize the WebDriver(file:///C:/Users/SAI%20DURGA%20PRASAD/Desktop/Mindtree/SDET%20Java/Milestone/Comprehensive/CompAssessBDD/Features/AddingItemtoCart.feature:4)
]]>
    </failure>
  </testcase> <!-- runScenario -->
  <testcase classname="io.cucumber.testng.AbstractTestNGCucumberTests" name="runScenario" time="1.001">
    <failure type="java.lang.NullPointerException" message="Cannot invoke &amp;quot;org.apache.log4j.Logger.info(Object)&amp;quot; because &amp;quot;log&amp;quot; is null">
      <![CDATA[java.lang.NullPointerException: Cannot invoke "org.apache.log4j.Logger.info(Object)" because "log" is null
at com.bigsmall.reusableComponents.WebDriverHelper.driverInitializer(WebDriverHelper.java:22)
at com.bigsmall.stepDefinitions.StepDefinitions.initialize_the_web_driver(StepDefinitions.java:35)
at ✽.Initialize the WebDriver(file:///C:/Users/SAI%20DURGA%20PRASAD/Desktop/Mindtree/SDET%20Java/Milestone/Comprehensive/CompAssessBDD/Features/AddingItemtoCartWithGiftcard.feature:4)
]]>
    </failure>
  </testcase> <!-- runScenario -->
  <testcase classname="io.cucumber.testng.AbstractTestNGCucumberTests" name="runScenario" time="0.904">
    <failure type="java.lang.NullPointerException" message="Cannot invoke &amp;quot;org.apache.log4j.Logger.info(Object)&amp;quot; because &amp;quot;log&amp;quot; is null">
      <![CDATA[java.lang.NullPointerException: Cannot invoke "org.apache.log4j.Logger.info(Object)" because "log" is null
at com.bigsmall.reusableComponents.WebDriverHelper.driverInitializer(WebDriverHelper.java:22)
at com.bigsmall.stepDefinitions.StepDefinitions.initialize_the_web_driver(StepDefinitions.java:35)
at ✽.Initialize the WebDriver(file:///C:/Users/SAI%20DURGA%20PRASAD/Desktop/Mindtree/SDET%20Java/Milestone/Comprehensive/CompAssessBDD/Features/BirthdayGiftsTest.feature:4)
]]>
    </failure>
  </testcase> <!-- runScenario -->
  <testcase classname="io.cucumber.testng.AbstractTestNGCucumberTests" name="runScenario" time="0.929">
    <failure type="java.lang.NullPointerException" message="Cannot invoke &amp;quot;org.apache.log4j.Logger.info(Object)&amp;quot; because &amp;quot;log&amp;quot; is null">
      <![CDATA[java.lang.NullPointerException: Cannot invoke "org.apache.log4j.Logger.info(Object)" because "log" is null
at com.bigsmall.reusableComponents.WebDriverHelper.driverInitializer(WebDriverHelper.java:22)
at com.bigsmall.stepDefinitions.StepDefinitions.initialize_the_web_driver(StepDefinitions.java:35)
at ✽.Initialize the WebDriver(file:///C:/Users/SAI%20DURGA%20PRASAD/Desktop/Mindtree/SDET%20Java/Milestone/Comprehensive/CompAssessBDD/Features/CorporateGiftsTest.feature:4)
]]>
    </failure>
  </testcase> <!-- runScenario -->
  <testcase classname="io.cucumber.testng.AbstractTestNGCucumberTests" name="runScenario" time="1.122">
    <failure type="java.lang.NullPointerException" message="Cannot invoke &amp;quot;org.apache.log4j.Logger.info(Object)&amp;quot; because &amp;quot;log&amp;quot; is null">
      <![CDATA[java.lang.NullPointerException: Cannot invoke "org.apache.log4j.Logger.info(Object)" because "log" is null
at com.bigsmall.reusableComponents.WebDriverHelper.driverInitializer(WebDriverHelper.java:22)
at com.bigsmall.stepDefinitions.StepDefinitions.initialize_the_web_driver(StepDefinitions.java:35)
at ✽.Initialize the WebDriver(file:///C:/Users/SAI%20DURGA%20PRASAD/Desktop/Mindtree/SDET%20Java/Milestone/Comprehensive/CompAssessBDD/Features/GiftCardTest.feature:4)
]]>
    </failure>
  </testcase> <!-- runScenario -->
  <testcase classname="io.cucumber.testng.AbstractTestNGCucumberTests" name="runScenario" time="1.168">
    <failure type="java.lang.NullPointerException" message="Cannot invoke &amp;quot;org.apache.log4j.Logger.info(Object)&amp;quot; because &amp;quot;log&amp;quot; is null">
      <![CDATA[java.lang.NullPointerException: Cannot invoke "org.apache.log4j.Logger.info(Object)" because "log" is null
at com.bigsmall.reusableComponents.WebDriverHelper.driverInitializer(WebDriverHelper.java:22)
at com.bigsmall.stepDefinitions.StepDefinitions.initialize_the_web_driver(StepDefinitions.java:35)
at ✽.Initialize the WebDriver(file:///C:/Users/SAI%20DURGA%20PRASAD/Desktop/Mindtree/SDET%20Java/Milestone/Comprehensive/CompAssessBDD/Features/LoginTest.feature:4)
]]>
    </failure>
  </testcase> <!-- runScenario -->
  <testcase classname="io.cucumber.testng.AbstractTestNGCucumberTests" name="runScenario" time="0.849">
    <failure type="java.lang.NullPointerException" message="Cannot invoke &amp;quot;org.apache.log4j.Logger.info(Object)&amp;quot; because &amp;quot;log&amp;quot; is null">
      <![CDATA[java.lang.NullPointerException: Cannot invoke "org.apache.log4j.Logger.info(Object)" because "log" is null
at com.bigsmall.reusableComponents.WebDriverHelper.driverInitializer(WebDriverHelper.java:22)
at com.bigsmall.stepDefinitions.StepDefinitions.initialize_the_web_driver(StepDefinitions.java:35)
at ✽.Initialize the WebDriver(file:///C:/Users/SAI%20DURGA%20PRASAD/Desktop/Mindtree/SDET%20Java/Milestone/Comprehensive/CompAssessBDD/Features/LoginTest.feature:4)
]]>
    </failure>
  </testcase> <!-- runScenario -->
  <testcase classname="io.cucumber.testng.AbstractTestNGCucumberTests" name="runScenario" time="0.867">
    <failure type="java.lang.NullPointerException" message="Cannot invoke &amp;quot;org.apache.log4j.Logger.info(Object)&amp;quot; because &amp;quot;log&amp;quot; is null">
      <![CDATA[java.lang.NullPointerException: Cannot invoke "org.apache.log4j.Logger.info(Object)" because "log" is null
at com.bigsmall.reusableComponents.WebDriverHelper.driverInitializer(WebDriverHelper.java:22)
at com.bigsmall.stepDefinitions.StepDefinitions.initialize_the_web_driver(StepDefinitions.java:35)
at ✽.Initialize the WebDriver(file:///C:/Users/SAI%20DURGA%20PRASAD/Desktop/Mindtree/SDET%20Java/Milestone/Comprehensive/CompAssessBDD/Features/PersonalizedgiftsTest.feature:4)
]]>
    </failure>
  </testcase> <!-- runScenario -->
  <testcase classname="io.cucumber.testng.AbstractTestNGCucumberTests" name="runScenario" time="1.049">
    <failure type="java.lang.NullPointerException" message="Cannot invoke &amp;quot;org.apache.log4j.Logger.info(Object)&amp;quot; because &amp;quot;log&amp;quot; is null">
      <![CDATA[java.lang.NullPointerException: Cannot invoke "org.apache.log4j.Logger.info(Object)" because "log" is null
at com.bigsmall.reusableComponents.WebDriverHelper.driverInitializer(WebDriverHelper.java:22)
at com.bigsmall.stepDefinitions.StepDefinitions.initialize_the_web_driver(StepDefinitions.java:35)
at ✽.Initialize the WebDriver(file:///C:/Users/SAI%20DURGA%20PRASAD/Desktop/Mindtree/SDET%20Java/Milestone/Comprehensive/CompAssessBDD/Features/SearchTest.feature:4)
]]>
    </failure>
  </testcase> <!-- runScenario -->
  <testcase classname="io.cucumber.testng.AbstractTestNGCucumberTests" name="runScenario" time="0.853">
    <failure type="java.lang.NullPointerException" message="Cannot invoke &amp;quot;org.apache.log4j.Logger.info(Object)&amp;quot; because &amp;quot;log&amp;quot; is null">
      <![CDATA[java.lang.NullPointerException: Cannot invoke "org.apache.log4j.Logger.info(Object)" because "log" is null
at com.bigsmall.reusableComponents.WebDriverHelper.driverInitializer(WebDriverHelper.java:22)
at com.bigsmall.stepDefinitions.StepDefinitions.initialize_the_web_driver(StepDefinitions.java:35)
at ✽.Initialize the WebDriver(file:///C:/Users/SAI%20DURGA%20PRASAD/Desktop/Mindtree/SDET%20Java/Milestone/Comprehensive/CompAssessBDD/Features/TestCase1.feature:4)
]]>
    </failure>
  </testcase> <!-- runScenario -->
  <testcase classname="io.cucumber.testng.AbstractTestNGCucumberTests" name="runScenario" time="1.088">
    <failure type="java.lang.NullPointerException" message="Cannot invoke &amp;quot;org.apache.log4j.Logger.info(Object)&amp;quot; because &amp;quot;log&amp;quot; is null">
      <![CDATA[java.lang.NullPointerException: Cannot invoke "org.apache.log4j.Logger.info(Object)" because "log" is null
at com.bigsmall.reusableComponents.WebDriverHelper.driverInitializer(WebDriverHelper.java:22)
at com.bigsmall.stepDefinitions.StepDefinitions.initialize_the_web_driver(StepDefinitions.java:35)
at ✽.Initialize the WebDriver(file:///C:/Users/SAI%20DURGA%20PRASAD/Desktop/Mindtree/SDET%20Java/Milestone/Comprehensive/CompAssessBDD/Features/WhatsNew.feature:4)
]]>
    </failure>
  </testcase> <!-- runScenario -->
</testsuite> <!-- Test -->
