<?xml version="1.0" encoding="UTF-8"?>
<testng-results ignored="0" total="11" passed="11" failed="0" skipped="0">
  <reporter-output>
  </reporter-output>
  <suite started-at="2021-11-22T03:53:49Z" name="Suite" finished-at="2021-11-22T03:56:16Z" duration-ms="146910">
    <groups>
      <group name="cucumber">
        <method signature="AbstractTestNGCucumberTests.runScenario(io.cucumber.testng.PickleWrapper, io.cucumber.testng.FeatureWrapper)[pri:0, instance:com.bigsmall.runner.TestRunner@6f44a157]" name="runScenario" class="io.cucumber.testng.AbstractTestNGCucumberTests"/>
      </group> <!-- cucumber -->
    </groups>
    <test started-at="2021-11-22T03:53:49Z" name="Test" finished-at="2021-11-22T03:56:16Z" duration-ms="146910">
      <class name="com.bigsmall.runner.TestRunner">
        <test-method is-config="true" signature="setUpClass(org.testng.ITestContext)[pri:0, instance:com.bigsmall.runner.TestRunner@6f44a157]" started-at="2021-11-22T03:53:49Z" name="setUpClass" finished-at="2021-11-22T03:53:50Z" duration-ms="419" status="PASS">
          <params>
            <param index="0">
              <value>
                <![CDATA[org.testng.TestRunner@1578b8ec]]>
              </value>
            </param>
          </params>
          <reporter-output>
          </reporter-output>
        </test-method> <!-- setUpClass -->
        <test-method signature="runScenario(io.cucumber.testng.PickleWrapper, io.cucumber.testng.FeatureWrapper)[pri:0, instance:com.bigsmall.runner.TestRunner@6f44a157]" started-at="2021-11-22T03:53:50Z" name="runScenario" description="Runs Cucumber Scenarios" data-provider="scenarios" finished-at="2021-11-22T03:54:09Z" duration-ms="18774" status="PASS">
          <params>
            <param index="0">
              <value>
                <![CDATA["Selecting an item and adding into cart"]]>
              </value>
            </param>
            <param index="1">
              <value>
                <![CDATA["Optional[AddingItemtoCart]"]]>
              </value>
            </param>
          </params>
          <reporter-output>
          </reporter-output>
        </test-method> <!-- runScenario -->
        <test-method signature="runScenario(io.cucumber.testng.PickleWrapper, io.cucumber.testng.FeatureWrapper)[pri:0, instance:com.bigsmall.runner.TestRunner@6f44a157]" started-at="2021-11-22T03:54:09Z" name="runScenario" description="Runs Cucumber Scenarios" data-provider="scenarios" finished-at="2021-11-22T03:54:29Z" duration-ms="20741" status="PASS">
          <params>
            <param index="0">
              <value>
                <![CDATA["Adding an item to cart and add GiftWrap,giftNote to it and Checkout"]]>
              </value>
            </param>
            <param index="1">
              <value>
                <![CDATA["Optional[AddingItemtoCartWithGiftcard]"]]>
              </value>
            </param>
          </params>
          <reporter-output>
          </reporter-output>
        </test-method> <!-- runScenario -->
        <test-method signature="runScenario(io.cucumber.testng.PickleWrapper, io.cucumber.testng.FeatureWrapper)[pri:0, instance:com.bigsmall.runner.TestRunner@6f44a157]" started-at="2021-11-22T03:54:29Z" name="runScenario" description="Runs Cucumber Scenarios" data-provider="scenarios" finished-at="2021-11-22T03:54:43Z" duration-ms="13814" status="PASS">
          <params>
            <param index="0">
              <value>
                <![CDATA["Navigating to BirthdayGifts page"]]>
              </value>
            </param>
            <param index="1">
              <value>
                <![CDATA["Optional[Navigating to BirthdayGifts page]"]]>
              </value>
            </param>
          </params>
          <reporter-output>
          </reporter-output>
        </test-method> <!-- runScenario -->
        <test-method signature="runScenario(io.cucumber.testng.PickleWrapper, io.cucumber.testng.FeatureWrapper)[pri:0, instance:com.bigsmall.runner.TestRunner@6f44a157]" started-at="2021-11-22T03:54:43Z" name="runScenario" description="Runs Cucumber Scenarios" data-provider="scenarios" finished-at="2021-11-22T03:54:54Z" duration-ms="10474" status="PASS">
          <params>
            <param index="0">
              <value>
                <![CDATA["Click on CorporateGifts and enter the details"]]>
              </value>
            </param>
            <param index="1">
              <value>
                <![CDATA["Optional[CorporateGiftsTest]"]]>
              </value>
            </param>
          </params>
          <reporter-output>
          </reporter-output>
        </test-method> <!-- runScenario -->
        <test-method signature="runScenario(io.cucumber.testng.PickleWrapper, io.cucumber.testng.FeatureWrapper)[pri:0, instance:com.bigsmall.runner.TestRunner@6f44a157]" started-at="2021-11-22T03:54:54Z" name="runScenario" description="Runs Cucumber Scenarios" data-provider="scenarios" finished-at="2021-11-22T03:55:15Z" duration-ms="21745" status="PASS">
          <params>
            <param index="0">
              <value>
                <![CDATA["Adding giftCard to cart"]]>
              </value>
            </param>
            <param index="1">
              <value>
                <![CDATA["Optional[GiftCardTest]"]]>
              </value>
            </param>
          </params>
          <reporter-output>
          </reporter-output>
        </test-method> <!-- runScenario -->
        <test-method signature="runScenario(io.cucumber.testng.PickleWrapper, io.cucumber.testng.FeatureWrapper)[pri:0, instance:com.bigsmall.runner.TestRunner@6f44a157]" started-at="2021-11-22T03:55:15Z" name="runScenario" description="Runs Cucumber Scenarios" data-provider="scenarios" finished-at="2021-11-22T03:55:25Z" duration-ms="9583" status="PASS">
          <params>
            <param index="0">
              <value>
                <![CDATA["Logging into the user dashboard"]]>
              </value>
            </param>
            <param index="1">
              <value>
                <![CDATA["Optional[LoginTest]"]]>
              </value>
            </param>
          </params>
          <reporter-output>
          </reporter-output>
        </test-method> <!-- runScenario -->
        <test-method signature="runScenario(io.cucumber.testng.PickleWrapper, io.cucumber.testng.FeatureWrapper)[pri:0, instance:com.bigsmall.runner.TestRunner@6f44a157]" started-at="2021-11-22T03:55:25Z" name="runScenario" description="Runs Cucumber Scenarios" data-provider="scenarios" finished-at="2021-11-22T03:55:34Z" duration-ms="8587" status="PASS">
          <params>
            <param index="0">
              <value>
                <![CDATA["Logging into the user dashboard"]]>
              </value>
            </param>
            <param index="1">
              <value>
                <![CDATA["Optional[LoginTest]"]]>
              </value>
            </param>
          </params>
          <reporter-output>
          </reporter-output>
        </test-method> <!-- runScenario -->
        <test-method signature="runScenario(io.cucumber.testng.PickleWrapper, io.cucumber.testng.FeatureWrapper)[pri:0, instance:com.bigsmall.runner.TestRunner@6f44a157]" started-at="2021-11-22T03:55:34Z" name="runScenario" description="Runs Cucumber Scenarios" data-provider="scenarios" finished-at="2021-11-22T03:55:45Z" duration-ms="11323" status="PASS">
          <params>
            <param index="0">
              <value>
                <![CDATA["Clicking on PersonalisedGifts and sort by BestSelling"]]>
              </value>
            </param>
            <param index="1">
              <value>
                <![CDATA["Optional[Personalized Gifts Test]"]]>
              </value>
            </param>
          </params>
          <reporter-output>
          </reporter-output>
        </test-method> <!-- runScenario -->
        <test-method signature="runScenario(io.cucumber.testng.PickleWrapper, io.cucumber.testng.FeatureWrapper)[pri:0, instance:com.bigsmall.runner.TestRunner@6f44a157]" started-at="2021-11-22T03:55:45Z" name="runScenario" description="Runs Cucumber Scenarios" data-provider="scenarios" finished-at="2021-11-22T03:55:57Z" duration-ms="11948" status="PASS">
          <params>
            <param index="0">
              <value>
                <![CDATA["Searching for item and validation"]]>
              </value>
            </param>
            <param index="1">
              <value>
                <![CDATA["Optional[SearchTest]"]]>
              </value>
            </param>
          </params>
          <reporter-output>
          </reporter-output>
        </test-method> <!-- runScenario -->
        <test-method signature="runScenario(io.cucumber.testng.PickleWrapper, io.cucumber.testng.FeatureWrapper)[pri:0, instance:com.bigsmall.runner.TestRunner@6f44a157]" started-at="2021-11-22T03:55:57Z" name="runScenario" description="Runs Cucumber Scenarios" data-provider="scenarios" finished-at="2021-11-22T03:56:01Z" duration-ms="4270" status="PASS">
          <params>
            <param index="0">
              <value>
                <![CDATA["Title Validation"]]>
              </value>
            </param>
            <param index="1">
              <value>
                <![CDATA["Optional[Validating the Homepage Title]"]]>
              </value>
            </param>
          </params>
          <reporter-output>
          </reporter-output>
        </test-method> <!-- runScenario -->
        <test-method signature="runScenario(io.cucumber.testng.PickleWrapper, io.cucumber.testng.FeatureWrapper)[pri:0, instance:com.bigsmall.runner.TestRunner@6f44a157]" started-at="2021-11-22T03:56:01Z" name="runScenario" description="Runs Cucumber Scenarios" data-provider="scenarios" finished-at="2021-11-22T03:56:16Z" duration-ms="15191" status="PASS">
          <params>
            <param index="0">
              <value>
                <![CDATA["Checking for element existance in WhatsNew page"]]>
              </value>
            </param>
            <param index="1">
              <value>
                <![CDATA["Optional[WhatsNew]"]]>
              </value>
            </param>
          </params>
          <reporter-output>
          </reporter-output>
        </test-method> <!-- runScenario -->
        <test-method is-config="true" signature="tearDownClass()[pri:0, instance:com.bigsmall.runner.TestRunner@6f44a157]" started-at="2021-11-22T03:56:16Z" name="tearDownClass" finished-at="2021-11-22T03:56:16Z" duration-ms="12" status="PASS">
          <reporter-output>
          </reporter-output>
        </test-method> <!-- tearDownClass -->
      </class> <!-- com.bigsmall.runner.TestRunner -->
    </test> <!-- Test -->
  </suite> <!-- Suite -->
</testng-results>
